2023-03-13 11:39:46.325  INFO 14900 --- [restartedMain] cn.zwz.ZwzApplication                    : Starting ZwzApplication using Java 1.8.0_341 on LAPTOP-L3BHH35O with PID 14900 (D:\devProject\ideaProjects\SchoolProject\医院门诊预约挂号管理系统\后端源代码\target\classes started by 27880 in D:\devProject\ideaProjects\SchoolProject\医院门诊预约挂号管理系统\后端源代码)
2023-03-13 11:39:46.330  INFO 14900 --- [restartedMain] cn.zwz.ZwzApplication                    : No active profile set, falling back to 1 default profile: "default"
2023-03-13 11:39:46.390  INFO 14900 --- [restartedMain] .e.DevToolsPropertyDefaultsPostProcessor : Devtools property defaults active! Set 'spring.devtools.add-properties' to 'false' to disable
2023-03-13 11:39:46.390  INFO 14900 --- [restartedMain] .e.DevToolsPropertyDefaultsPostProcessor : For additional web related logging consider setting the 'logging.level.web' property to 'DEBUG'
2023-03-13 11:39:47.969  INFO 14900 --- [restartedMain] .s.d.r.c.RepositoryConfigurationDelegate : Multiple Spring Data modules found, entering strict repository configuration mode
2023-03-13 11:39:47.969  INFO 14900 --- [restartedMain] .s.d.r.c.RepositoryConfigurationDelegate : Bootstrapping Spring Data JPA repositories in DEFAULT mode.
2023-03-13 11:39:48.086  INFO 14900 --- [restartedMain] .s.d.r.c.RepositoryConfigurationDelegate : Finished Spring Data repository scanning in 108 ms. Found 1 JPA repository interfaces.
2023-03-13 11:39:48.097  INFO 14900 --- [restartedMain] .s.d.r.c.RepositoryConfigurationDelegate : Multiple Spring Data modules found, entering strict repository configuration mode
2023-03-13 11:39:48.098  INFO 14900 --- [restartedMain] .s.d.r.c.RepositoryConfigurationDelegate : Bootstrapping Spring Data Redis repositories in DEFAULT mode.
2023-03-13 11:39:48.124  INFO 14900 --- [restartedMain] .RepositoryConfigurationExtensionSupport : Spring Data Redis - Could not safely identify store assignment for repository candidate interface cn.zwz.data.dao.LogDao; If you want this repository to be a Redis repository, consider annotating your entities with one of these annotations: org.springframework.data.redis.core.RedisHash (preferred), or consider extending one of the following types with your repository: org.springframework.data.keyvalue.repository.KeyValueRepository
2023-03-13 11:39:48.124  INFO 14900 --- [restartedMain] .s.d.r.c.RepositoryConfigurationDelegate : Finished Spring Data repository scanning in 15 ms. Found 0 Redis repository interfaces.
2023-03-13 11:39:48.300  INFO 14900 --- [restartedMain] faultConfiguringBeanFactoryPostProcessor : No bean named 'errorChannel' has been explicitly defined. Therefore, a default PublishSubscribeChannel will be created.
2023-03-13 11:39:48.315  INFO 14900 --- [restartedMain] faultConfiguringBeanFactoryPostProcessor : No bean named 'integrationHeaderChannelRegistry' has been explicitly defined. Therefore, a default DefaultHeaderChannelRegistry will be created.
2023-03-13 11:39:48.511  INFO 14900 --- [restartedMain] ptablePropertiesBeanFactoryPostProcessor : Post-processing PropertySource instances
2023-03-13 11:39:48.512  INFO 14900 --- [restartedMain] c.u.j.EncryptablePropertySourceConverter : Skipping PropertySource configurationProperties [class org.springframework.boot.context.properties.source.ConfigurationPropertySourcesPropertySource
2023-03-13 11:39:48.513  INFO 14900 --- [restartedMain] c.u.j.EncryptablePropertySourceConverter : Skipping PropertySource servletConfigInitParams [class org.springframework.core.env.PropertySource$StubPropertySource
2023-03-13 11:39:48.513  INFO 14900 --- [restartedMain] c.u.j.EncryptablePropertySourceConverter : Skipping PropertySource servletContextInitParams [class org.springframework.core.env.PropertySource$StubPropertySource
2023-03-13 11:39:48.514  INFO 14900 --- [restartedMain] c.u.j.EncryptablePropertySourceConverter : Converting PropertySource systemProperties [org.springframework.core.env.PropertiesPropertySource] to EncryptableMapPropertySourceWrapper
2023-03-13 11:39:48.515  INFO 14900 --- [restartedMain] c.u.j.EncryptablePropertySourceConverter : Converting PropertySource systemEnvironment [org.springframework.boot.env.SystemEnvironmentPropertySourceEnvironmentPostProcessor$OriginAwareSystemEnvironmentPropertySource] to EncryptableSystemEnvironmentPropertySourceWrapper
2023-03-13 11:39:48.516  INFO 14900 --- [restartedMain] c.u.j.EncryptablePropertySourceConverter : Converting PropertySource random [org.springframework.boot.env.RandomValuePropertySource] to EncryptablePropertySourceWrapper
2023-03-13 11:39:48.516  INFO 14900 --- [restartedMain] c.u.j.EncryptablePropertySourceConverter : Converting PropertySource Config resource 'class path resource [application.yml]' via location 'optional:classpath:/' [org.springframework.boot.env.OriginTrackedMapPropertySource] to EncryptableMapPropertySourceWrapper
2023-03-13 11:39:48.516  INFO 14900 --- [restartedMain] c.u.j.EncryptablePropertySourceConverter : Converting PropertySource devtools [org.springframework.core.env.MapPropertySource] to EncryptableMapPropertySourceWrapper
2023-03-13 11:39:48.743  INFO 14900 --- [restartedMain] trationDelegate$BeanPostProcessorChecker : Bean 'redisExceptionThrowsConfig' of type [cn.zwz.basics.redis.RedisExceptionThrowsConfig$$EnhancerBySpringCGLIB$$6137f508] is not eligible for getting processed by all BeanPostProcessors (for example: not eligible for auto-proxying)
2023-03-13 11:39:48.834  INFO 14900 --- [restartedMain] trationDelegate$BeanPostProcessorChecker : Bean 'org.springframework.integration.config.IntegrationManagementConfiguration' of type [org.springframework.integration.config.IntegrationManagementConfiguration] is not eligible for getting processed by all BeanPostProcessors (for example: not eligible for auto-proxying)
2023-03-13 11:39:48.844  INFO 14900 --- [restartedMain] trationDelegate$BeanPostProcessorChecker : Bean 'integrationChannelResolver' of type [org.springframework.integration.support.channel.BeanFactoryChannelResolver] is not eligible for getting processed by all BeanPostProcessors (for example: not eligible for auto-proxying)
2023-03-13 11:39:48.955  INFO 14900 --- [restartedMain] c.u.j.filter.DefaultLazyPropertyFilter   : Property Filter custom Bean not found with name 'encryptablePropertyFilter'. Initializing Default Property Filter
2023-03-13 11:39:48.962  INFO 14900 --- [restartedMain] c.u.j.r.DefaultLazyPropertyResolver      : Property Resolver custom Bean not found with name 'encryptablePropertyResolver'. Initializing Default Property Resolver
2023-03-13 11:39:48.963  INFO 14900 --- [restartedMain] c.u.j.d.DefaultLazyPropertyDetector      : Property Detector custom Bean not found with name 'encryptablePropertyDetector'. Initializing Default Property Detector
2023-03-13 11:39:49.248  INFO 14900 --- [restartedMain] o.s.b.w.embedded.tomcat.TomcatWebServer  : Tomcat initialized with port(s): 8081 (http)
2023-03-13 11:39:49.258  INFO 14900 --- [restartedMain] o.apache.catalina.core.StandardService   : Starting service [Tomcat]
2023-03-13 11:39:49.258  INFO 14900 --- [restartedMain] org.apache.catalina.core.StandardEngine  : Starting Servlet engine: [Apache Tomcat/9.0.65]
2023-03-13 11:39:49.397  INFO 14900 --- [restartedMain] o.a.c.c.C.[Tomcat].[localhost].[/]       : Initializing Spring embedded WebApplicationContext
2023-03-13 11:39:49.397  INFO 14900 --- [restartedMain] w.s.c.ServletWebServerApplicationContext : Root WebApplicationContext: initialization completed in 3006 ms
2023-03-13 11:39:49.503  INFO 14900 --- [restartedMain] c.a.d.s.b.a.DruidDataSourceAutoConfigure : Init DruidDataSource
2023-03-13 11:39:49.654  INFO 14900 --- [restartedMain] com.alibaba.druid.pool.DruidDataSource   : {dataSource-1} inited
2023-03-13 11:39:50.119  INFO 14900 --- [restartedMain] org.redisson.Version                     : Redisson 3.17.6
2023-03-13 11:39:50.866  INFO 14900 --- [redisson-netty-2-5] o.r.c.pool.MasterPubSubConnectionPool    : 1 connections initialized for 127.0.0.1/127.0.0.1:6379
2023-03-13 11:39:50.912  INFO 14900 --- [redisson-netty-2-18] o.r.c.pool.MasterConnectionPool          : 24 connections initialized for 127.0.0.1/127.0.0.1:6379
2023-03-13 11:39:51.720  INFO 14900 --- [restartedMain] c.z.basics.baseClass.BeansConfiguration  : 初始化PathMatcher成功
2023-03-13 11:39:51.725  WARN 14900 --- [restartedMain] c.z.b.s.p.MyFilterSecurityInterceptor    : Could not validate configuration attributes as the SecurityMetadataSource did not return any attributes from getAllConfigAttributes()
2023-03-13 11:39:51.903  INFO 14900 --- [restartedMain] o.hibernate.jpa.internal.util.LogHelper  : HHH000204: Processing PersistenceUnitInfo [name: default]
2023-03-13 11:39:51.963  INFO 14900 --- [restartedMain] org.hibernate.Version                    : HHH000412: Hibernate ORM core version 5.6.10.Final
2023-03-13 11:39:52.256  INFO 14900 --- [restartedMain] o.hibernate.annotations.common.Version   : HCANN000001: Hibernate Commons Annotations {5.1.2.Final}
2023-03-13 11:39:52.498  INFO 14900 --- [restartedMain] org.hibernate.dialect.Dialect            : HHH000400: Using dialect: org.hibernate.dialect.MySQL8Dialect
2023-03-13 11:39:53.344  INFO 14900 --- [restartedMain] o.h.e.t.j.p.i.JtaPlatformInitiator       : HHH000490: Using JtaPlatform implementation: [org.hibernate.engine.transaction.jta.platform.internal.NoJtaPlatform]
2023-03-13 11:39:53.353  INFO 14900 --- [restartedMain] j.LocalContainerEntityManagerFactoryBean : Initialized JPA EntityManagerFactory for persistence unit 'default'
2023-03-13 11:39:53.817  WARN 14900 --- [restartedMain] JpaBaseConfiguration$JpaWebConfiguration : spring.jpa.open-in-view is enabled by default. Therefore, database queries may be performed during view rendering. Explicitly configure spring.jpa.open-in-view to disable this warning
2023-03-13 11:39:54.692  INFO 14900 --- [restartedMain] c.z.basics.baseClass.BeansConfiguration  : 初始化线程池成功
2023-03-13 11:39:55.007  INFO 14900 --- [restartedMain] c.z.basics.redis.InterceptConfiguration  : 拦截器加载成功
2023-03-13 11:39:56.321  INFO 14900 --- [restartedMain] o.s.b.a.e.web.EndpointLinksResolver      : Exposing 1 endpoint(s) beneath base path '/actuator'
2023-03-13 11:39:56.357  INFO 14900 --- [restartedMain] o.s.s.web.DefaultSecurityFilterChain     : Will secure any request with [org.springframework.security.web.session.DisableEncodeUrlFilter@3b9f895e, org.springframework.security.web.context.request.async.WebAsyncManagerIntegrationFilter@2c4891e4, org.springframework.security.web.context.SecurityContextPersistenceFilter@3a92c6d3, org.springframework.security.web.header.HeaderWriterFilter@18cf40cc, org.springframework.web.filter.CorsFilter@6185c5d0, org.springframework.security.web.authentication.logout.LogoutFilter@71cde57d, cn.zwz.basics.security.validate.ImageValidateFilter$$EnhancerBySpringCGLIB$$7eea3167@1321a271, org.springframework.security.web.authentication.UsernamePasswordAuthenticationFilter@1c2edcd0, cn.zwz.basics.security.jwt.JwtRoleFilter@1db6b5eb, org.springframework.security.web.savedrequest.RequestCacheAwareFilter@2ebd8749, org.springframework.security.web.servletapi.SecurityContextHolderAwareRequestFilter@2956646a, org.springframework.security.web.authentication.AnonymousAuthenticationFilter@5a241a7a, org.springframework.security.web.session.SessionManagementFilter@593d12a3, org.springframework.security.web.access.ExceptionTranslationFilter@5d919621, cn.zwz.basics.security.permission.MyFilterSecurityInterceptor@1887f21c, org.springframework.security.web.access.intercept.FilterSecurityInterceptor@6e8c79d8]
2023-03-13 11:39:56.463  INFO 14900 --- [restartedMain] o.s.b.d.a.OptionalLiveReloadServer       : LiveReload server is running on port 35729
2023-03-13 11:39:56.702  INFO 14900 --- [restartedMain] o.s.i.endpoint.EventDrivenConsumer       : Adding {logging-channel-adapter:_org.springframework.integration.errorLogger} as a subscriber to the 'errorChannel' channel
2023-03-13 11:39:56.702  INFO 14900 --- [restartedMain] o.s.i.channel.PublishSubscribeChannel    : Channel 'application.errorChannel' has 1 subscriber(s).
2023-03-13 11:39:56.702  INFO 14900 --- [restartedMain] o.s.i.endpoint.EventDrivenConsumer       : started bean '_org.springframework.integration.errorLogger'
2023-03-13 11:39:56.705  WARN 14900 --- [restartedMain] ConfigServletWebServerApplicationContext : Exception encountered during context initialization - cancelling refresh attempt: org.springframework.context.ApplicationContextException: Failed to start bean 'webServerStartStop'; nested exception is org.springframework.boot.web.server.PortInUseException: Port 8081 is already in use
2023-03-13 11:39:56.706  INFO 14900 --- [restartedMain] o.s.i.endpoint.EventDrivenConsumer       : Removing {logging-channel-adapter:_org.springframework.integration.errorLogger} as a subscriber to the 'errorChannel' channel
2023-03-13 11:39:56.706  INFO 14900 --- [restartedMain] o.s.i.channel.PublishSubscribeChannel    : Channel 'application.errorChannel' has 0 subscriber(s).
2023-03-13 11:39:56.706  INFO 14900 --- [restartedMain] o.s.i.endpoint.EventDrivenConsumer       : stopped bean '_org.springframework.integration.errorLogger'
2023-03-13 11:39:56.716  WARN 14900 --- [restartedMain] o.s.b.f.support.DisposableBeanAdapter    : Invocation of destroy method failed on bean with name 'redisLockRegistry': java.lang.IllegalStateException: java.lang.NullPointerException
2023-03-13 11:39:56.717  INFO 14900 --- [restartedMain] j.LocalContainerEntityManagerFactoryBean : Closing JPA EntityManagerFactory for persistence unit 'default'
2023-03-13 11:39:56.742  INFO 14900 --- [restartedMain] com.alibaba.druid.pool.DruidDataSource   : {dataSource-1} closing ...
2023-03-13 11:39:56.746  INFO 14900 --- [restartedMain] com.alibaba.druid.pool.DruidDataSource   : {dataSource-1} closed
2023-03-13 11:39:56.748  INFO 14900 --- [restartedMain] o.apache.catalina.core.StandardService   : Stopping service [Tomcat]
2023-03-13 11:39:56.751  WARN 14900 --- [restartedMain] o.a.c.loader.WebappClassLoaderBase       : The web application [ROOT] appears to have started a thread named [Thread-12] but has failed to stop it. This is very likely to create a memory leak. Stack trace of thread:
 sun.net.dns.ResolverConfigurationImpl.notifyAddrChange0(Native Method)
 sun.net.dns.ResolverConfigurationImpl$AddressChangeListener.run(ResolverConfigurationImpl.java:144)
2023-03-13 11:39:56.765  INFO 14900 --- [restartedMain] ConditionEvaluationReportLoggingListener : 

Error starting ApplicationContext. To display the conditions report re-run your application with 'debug' enabled.
2023-03-13 11:39:56.790 ERROR 14900 --- [restartedMain] o.s.b.d.LoggingFailureAnalysisReporter   : 

***************************
APPLICATION FAILED TO START
***************************

Description:

Web server failed to start. Port 8081 was already in use.

Action:

Identify and stop the process that's listening on port 8081 or configure this application to listen on another port.

2023-03-13 11:40:20.476  INFO 4844 --- [restartedMain] cn.zwz.ZwzApplication                    : Starting ZwzApplication using Java 1.8.0_341 on LAPTOP-L3BHH35O with PID 4844 (D:\devProject\ideaProjects\SchoolProject\医院门诊预约挂号管理系统\后端源代码\target\classes started by 27880 in D:\devProject\ideaProjects\SchoolProject\医院门诊预约挂号管理系统\后端源代码)
2023-03-13 11:40:20.477  INFO 4844 --- [restartedMain] cn.zwz.ZwzApplication                    : No active profile set, falling back to 1 default profile: "default"
2023-03-13 11:40:20.514  INFO 4844 --- [restartedMain] .e.DevToolsPropertyDefaultsPostProcessor : Devtools property defaults active! Set 'spring.devtools.add-properties' to 'false' to disable
2023-03-13 11:40:20.514  INFO 4844 --- [restartedMain] .e.DevToolsPropertyDefaultsPostProcessor : For additional web related logging consider setting the 'logging.level.web' property to 'DEBUG'
2023-03-13 11:40:21.586  INFO 4844 --- [restartedMain] .s.d.r.c.RepositoryConfigurationDelegate : Multiple Spring Data modules found, entering strict repository configuration mode
2023-03-13 11:40:21.587  INFO 4844 --- [restartedMain] .s.d.r.c.RepositoryConfigurationDelegate : Bootstrapping Spring Data JPA repositories in DEFAULT mode.
2023-03-13 11:40:21.678  INFO 4844 --- [restartedMain] .s.d.r.c.RepositoryConfigurationDelegate : Finished Spring Data repository scanning in 84 ms. Found 1 JPA repository interfaces.
2023-03-13 11:40:21.686  INFO 4844 --- [restartedMain] .s.d.r.c.RepositoryConfigurationDelegate : Multiple Spring Data modules found, entering strict repository configuration mode
2023-03-13 11:40:21.687  INFO 4844 --- [restartedMain] .s.d.r.c.RepositoryConfigurationDelegate : Bootstrapping Spring Data Redis repositories in DEFAULT mode.
2023-03-13 11:40:21.706  INFO 4844 --- [restartedMain] .RepositoryConfigurationExtensionSupport : Spring Data Redis - Could not safely identify store assignment for repository candidate interface cn.zwz.data.dao.LogDao; If you want this repository to be a Redis repository, consider annotating your entities with one of these annotations: org.springframework.data.redis.core.RedisHash (preferred), or consider extending one of the following types with your repository: org.springframework.data.keyvalue.repository.KeyValueRepository
2023-03-13 11:40:21.706  INFO 4844 --- [restartedMain] .s.d.r.c.RepositoryConfigurationDelegate : Finished Spring Data repository scanning in 12 ms. Found 0 Redis repository interfaces.
2023-03-13 11:40:21.848  INFO 4844 --- [restartedMain] faultConfiguringBeanFactoryPostProcessor : No bean named 'errorChannel' has been explicitly defined. Therefore, a default PublishSubscribeChannel will be created.
2023-03-13 11:40:21.856  INFO 4844 --- [restartedMain] faultConfiguringBeanFactoryPostProcessor : No bean named 'integrationHeaderChannelRegistry' has been explicitly defined. Therefore, a default DefaultHeaderChannelRegistry will be created.
2023-03-13 11:40:22.009  INFO 4844 --- [restartedMain] ptablePropertiesBeanFactoryPostProcessor : Post-processing PropertySource instances
2023-03-13 11:40:22.010  INFO 4844 --- [restartedMain] c.u.j.EncryptablePropertySourceConverter : Skipping PropertySource configurationProperties [class org.springframework.boot.context.properties.source.ConfigurationPropertySourcesPropertySource
2023-03-13 11:40:22.011  INFO 4844 --- [restartedMain] c.u.j.EncryptablePropertySourceConverter : Skipping PropertySource servletConfigInitParams [class org.springframework.core.env.PropertySource$StubPropertySource
2023-03-13 11:40:22.011  INFO 4844 --- [restartedMain] c.u.j.EncryptablePropertySourceConverter : Skipping PropertySource servletContextInitParams [class org.springframework.core.env.PropertySource$StubPropertySource
2023-03-13 11:40:22.012  INFO 4844 --- [restartedMain] c.u.j.EncryptablePropertySourceConverter : Converting PropertySource systemProperties [org.springframework.core.env.PropertiesPropertySource] to EncryptableMapPropertySourceWrapper
2023-03-13 11:40:22.013  INFO 4844 --- [restartedMain] c.u.j.EncryptablePropertySourceConverter : Converting PropertySource systemEnvironment [org.springframework.boot.env.SystemEnvironmentPropertySourceEnvironmentPostProcessor$OriginAwareSystemEnvironmentPropertySource] to EncryptableSystemEnvironmentPropertySourceWrapper
2023-03-13 11:40:22.013  INFO 4844 --- [restartedMain] c.u.j.EncryptablePropertySourceConverter : Converting PropertySource random [org.springframework.boot.env.RandomValuePropertySource] to EncryptablePropertySourceWrapper
2023-03-13 11:40:22.013  INFO 4844 --- [restartedMain] c.u.j.EncryptablePropertySourceConverter : Converting PropertySource Config resource 'class path resource [application.yml]' via location 'optional:classpath:/' [org.springframework.boot.env.OriginTrackedMapPropertySource] to EncryptableMapPropertySourceWrapper
2023-03-13 11:40:22.013  INFO 4844 --- [restartedMain] c.u.j.EncryptablePropertySourceConverter : Converting PropertySource devtools [org.springframework.core.env.MapPropertySource] to EncryptableMapPropertySourceWrapper
2023-03-13 11:40:22.185  INFO 4844 --- [restartedMain] trationDelegate$BeanPostProcessorChecker : Bean 'redisExceptionThrowsConfig' of type [cn.zwz.basics.redis.RedisExceptionThrowsConfig$$EnhancerBySpringCGLIB$$413ea9e3] is not eligible for getting processed by all BeanPostProcessors (for example: not eligible for auto-proxying)
2023-03-13 11:40:22.261  INFO 4844 --- [restartedMain] trationDelegate$BeanPostProcessorChecker : Bean 'org.springframework.integration.config.IntegrationManagementConfiguration' of type [org.springframework.integration.config.IntegrationManagementConfiguration] is not eligible for getting processed by all BeanPostProcessors (for example: not eligible for auto-proxying)
2023-03-13 11:40:22.270  INFO 4844 --- [restartedMain] trationDelegate$BeanPostProcessorChecker : Bean 'integrationChannelResolver' of type [org.springframework.integration.support.channel.BeanFactoryChannelResolver] is not eligible for getting processed by all BeanPostProcessors (for example: not eligible for auto-proxying)
2023-03-13 11:40:22.354  INFO 4844 --- [restartedMain] c.u.j.filter.DefaultLazyPropertyFilter   : Property Filter custom Bean not found with name 'encryptablePropertyFilter'. Initializing Default Property Filter
2023-03-13 11:40:22.360  INFO 4844 --- [restartedMain] c.u.j.r.DefaultLazyPropertyResolver      : Property Resolver custom Bean not found with name 'encryptablePropertyResolver'. Initializing Default Property Resolver
2023-03-13 11:40:22.362  INFO 4844 --- [restartedMain] c.u.j.d.DefaultLazyPropertyDetector      : Property Detector custom Bean not found with name 'encryptablePropertyDetector'. Initializing Default Property Detector
2023-03-13 11:40:22.593  INFO 4844 --- [restartedMain] o.s.b.w.embedded.tomcat.TomcatWebServer  : Tomcat initialized with port(s): 8081 (http)
2023-03-13 11:40:22.600  INFO 4844 --- [restartedMain] o.apache.catalina.core.StandardService   : Starting service [Tomcat]
2023-03-13 11:40:22.600  INFO 4844 --- [restartedMain] org.apache.catalina.core.StandardEngine  : Starting Servlet engine: [Apache Tomcat/9.0.65]
2023-03-13 11:40:22.689  INFO 4844 --- [restartedMain] o.a.c.c.C.[Tomcat].[localhost].[/]       : Initializing Spring embedded WebApplicationContext
2023-03-13 11:40:22.689  INFO 4844 --- [restartedMain] w.s.c.ServletWebServerApplicationContext : Root WebApplicationContext: initialization completed in 2174 ms
2023-03-13 11:40:22.769  INFO 4844 --- [restartedMain] c.a.d.s.b.a.DruidDataSourceAutoConfigure : Init DruidDataSource
2023-03-13 11:40:22.887  INFO 4844 --- [restartedMain] com.alibaba.druid.pool.DruidDataSource   : {dataSource-1} inited
2023-03-13 11:40:23.259  INFO 4844 --- [restartedMain] org.redisson.Version                     : Redisson 3.17.6
2023-03-13 11:40:23.859  INFO 4844 --- [redisson-netty-2-5] o.r.c.pool.MasterPubSubConnectionPool    : 1 connections initialized for 127.0.0.1/127.0.0.1:6379
2023-03-13 11:40:23.887  INFO 4844 --- [redisson-netty-2-19] o.r.c.pool.MasterConnectionPool          : 24 connections initialized for 127.0.0.1/127.0.0.1:6379
2023-03-13 11:40:24.524  INFO 4844 --- [restartedMain] c.z.basics.baseClass.BeansConfiguration  : 初始化PathMatcher成功
2023-03-13 11:40:24.529  WARN 4844 --- [restartedMain] c.z.b.s.p.MyFilterSecurityInterceptor    : Could not validate configuration attributes as the SecurityMetadataSource did not return any attributes from getAllConfigAttributes()
2023-03-13 11:40:24.676  INFO 4844 --- [restartedMain] o.hibernate.jpa.internal.util.LogHelper  : HHH000204: Processing PersistenceUnitInfo [name: default]
2023-03-13 11:40:24.724  INFO 4844 --- [restartedMain] org.hibernate.Version                    : HHH000412: Hibernate ORM core version 5.6.10.Final
2023-03-13 11:40:24.955  INFO 4844 --- [restartedMain] o.hibernate.annotations.common.Version   : HCANN000001: Hibernate Commons Annotations {5.1.2.Final}
2023-03-13 11:40:25.133  INFO 4844 --- [restartedMain] org.hibernate.dialect.Dialect            : HHH000400: Using dialect: org.hibernate.dialect.MySQL8Dialect
2023-03-13 11:40:25.789  INFO 4844 --- [restartedMain] o.h.e.t.j.p.i.JtaPlatformInitiator       : HHH000490: Using JtaPlatform implementation: [org.hibernate.engine.transaction.jta.platform.internal.NoJtaPlatform]
2023-03-13 11:40:25.796  INFO 4844 --- [restartedMain] j.LocalContainerEntityManagerFactoryBean : Initialized JPA EntityManagerFactory for persistence unit 'default'
2023-03-13 11:40:26.205  WARN 4844 --- [restartedMain] JpaBaseConfiguration$JpaWebConfiguration : spring.jpa.open-in-view is enabled by default. Therefore, database queries may be performed during view rendering. Explicitly configure spring.jpa.open-in-view to disable this warning
2023-03-13 11:40:26.975  INFO 4844 --- [restartedMain] c.z.basics.baseClass.BeansConfiguration  : 初始化线程池成功
2023-03-13 11:40:27.212  INFO 4844 --- [restartedMain] c.z.basics.redis.InterceptConfiguration  : 拦截器加载成功
2023-03-13 11:40:27.959  INFO 4844 --- [restartedMain] o.s.b.a.e.web.EndpointLinksResolver      : Exposing 1 endpoint(s) beneath base path '/actuator'
2023-03-13 11:40:27.988  INFO 4844 --- [restartedMain] o.s.s.web.DefaultSecurityFilterChain     : Will secure any request with [org.springframework.security.web.session.DisableEncodeUrlFilter@36351d96, org.springframework.security.web.context.request.async.WebAsyncManagerIntegrationFilter@566d8de9, org.springframework.security.web.context.SecurityContextPersistenceFilter@5ba1bc77, org.springframework.security.web.header.HeaderWriterFilter@62addbc9, org.springframework.web.filter.CorsFilter@1bf06273, org.springframework.security.web.authentication.logout.LogoutFilter@59fd71c0, cn.zwz.basics.security.validate.ImageValidateFilter$$EnhancerBySpringCGLIB$$5ef0e642@189e9e1c, org.springframework.security.web.authentication.UsernamePasswordAuthenticationFilter@2d1c2d5, cn.zwz.basics.security.jwt.JwtRoleFilter@57c19322, org.springframework.security.web.savedrequest.RequestCacheAwareFilter@3dc856ea, org.springframework.security.web.servletapi.SecurityContextHolderAwareRequestFilter@5c968d8f, org.springframework.security.web.authentication.AnonymousAuthenticationFilter@4906fde1, org.springframework.security.web.session.SessionManagementFilter@78719e1d, org.springframework.security.web.access.ExceptionTranslationFilter@49f768ed, cn.zwz.basics.security.permission.MyFilterSecurityInterceptor@21b4da98, org.springframework.security.web.access.intercept.FilterSecurityInterceptor@55af6e8a]
2023-03-13 11:40:28.044  INFO 4844 --- [restartedMain] o.s.b.d.a.OptionalLiveReloadServer       : LiveReload server is running on port 35729
2023-03-13 11:40:28.243  INFO 4844 --- [restartedMain] o.s.i.endpoint.EventDrivenConsumer       : Adding {logging-channel-adapter:_org.springframework.integration.errorLogger} as a subscriber to the 'errorChannel' channel
2023-03-13 11:40:28.243  INFO 4844 --- [restartedMain] o.s.i.channel.PublishSubscribeChannel    : Channel 'application.errorChannel' has 1 subscriber(s).
2023-03-13 11:40:28.243  INFO 4844 --- [restartedMain] o.s.i.endpoint.EventDrivenConsumer       : started bean '_org.springframework.integration.errorLogger'
2023-03-13 11:40:28.246  WARN 4844 --- [restartedMain] ConfigServletWebServerApplicationContext : Exception encountered during context initialization - cancelling refresh attempt: org.springframework.context.ApplicationContextException: Failed to start bean 'webServerStartStop'; nested exception is org.springframework.boot.web.server.PortInUseException: Port 8081 is already in use
2023-03-13 11:40:28.247  INFO 4844 --- [restartedMain] o.s.i.endpoint.EventDrivenConsumer       : Removing {logging-channel-adapter:_org.springframework.integration.errorLogger} as a subscriber to the 'errorChannel' channel
2023-03-13 11:40:28.247  INFO 4844 --- [restartedMain] o.s.i.channel.PublishSubscribeChannel    : Channel 'application.errorChannel' has 0 subscriber(s).
2023-03-13 11:40:28.247  INFO 4844 --- [restartedMain] o.s.i.endpoint.EventDrivenConsumer       : stopped bean '_org.springframework.integration.errorLogger'
2023-03-13 11:40:28.268  WARN 4844 --- [restartedMain] o.s.b.f.support.DisposableBeanAdapter    : Invocation of destroy method failed on bean with name 'redisLockRegistry': java.lang.IllegalStateException: java.lang.NullPointerException
2023-03-13 11:40:28.269  INFO 4844 --- [restartedMain] j.LocalContainerEntityManagerFactoryBean : Closing JPA EntityManagerFactory for persistence unit 'default'
2023-03-13 11:40:28.307 ERROR 4844 --- [redisson-netty-2-12] o.r.client.handler.ErrorsLoggingHandler  : Exception occured. Channel: [id: 0x98b22be1, L:/127.0.0.1:51582 - R:127.0.0.1/127.0.0.1:6379]

java.io.IOException: 远程主机强迫关闭了一个现有的连接。
	at sun.nio.ch.SocketDispatcher.read0(Native Method) ~[na:1.8.0_341]
	at sun.nio.ch.SocketDispatcher.read(SocketDispatcher.java:43) ~[na:1.8.0_341]
	at sun.nio.ch.IOUtil.readIntoNativeBuffer(IOUtil.java:223) ~[na:1.8.0_341]
	at sun.nio.ch.IOUtil.read(IOUtil.java:192) ~[na:1.8.0_341]
	at sun.nio.ch.SocketChannelImpl.read(SocketChannelImpl.java:378) ~[na:1.8.0_341]
	at io.netty.buffer.PooledByteBuf.setBytes(PooledByteBuf.java:258) ~[netty-buffer-4.1.79.Final.jar:4.1.79.Final]
	at io.netty.buffer.AbstractByteBuf.writeBytes(AbstractByteBuf.java:1132) ~[netty-buffer-4.1.79.Final.jar:4.1.79.Final]
	at io.netty.buffer.WrappedByteBuf.writeBytes(WrappedByteBuf.java:821) ~[netty-buffer-4.1.79.Final.jar:4.1.79.Final]
	at io.netty.channel.socket.nio.NioSocketChannel.doReadBytes(NioSocketChannel.java:357) ~[netty-transport-4.1.79.Final.jar:4.1.79.Final]
	at io.netty.channel.nio.AbstractNioByteChannel$NioByteUnsafe.read(AbstractNioByteChannel.java:151) ~[netty-transport-4.1.79.Final.jar:4.1.79.Final]
	at io.netty.channel.nio.NioEventLoop.processSelectedKey(NioEventLoop.java:722) [netty-transport-4.1.79.Final.jar:4.1.79.Final]
	at io.netty.channel.nio.NioEventLoop.processSelectedKeysOptimized(NioEventLoop.java:658) [netty-transport-4.1.79.Final.jar:4.1.79.Final]
	at io.netty.channel.nio.NioEventLoop.processSelectedKeys(NioEventLoop.java:584) [netty-transport-4.1.79.Final.jar:4.1.79.Final]
	at io.netty.channel.nio.NioEventLoop.run(NioEventLoop.java:496) [netty-transport-4.1.79.Final.jar:4.1.79.Final]
	at io.netty.util.concurrent.SingleThreadEventExecutor$4.run(SingleThreadEventExecutor.java:997) [netty-common-4.1.79.Final.jar:4.1.79.Final]
	at io.netty.util.internal.ThreadExecutorMap$2.run(ThreadExecutorMap.java:74) [netty-common-4.1.79.Final.jar:4.1.79.Final]
	at io.netty.util.concurrent.FastThreadLocalRunnable.run(FastThreadLocalRunnable.java:30) [netty-common-4.1.79.Final.jar:4.1.79.Final]
	at java.lang.Thread.run(Thread.java:750) [na:1.8.0_341]

2023-03-13 11:40:28.307 ERROR 4844 --- [redisson-netty-2-4] o.r.client.handler.ErrorsLoggingHandler  : Exception occured. Channel: [id: 0x06dd34b7, L:/127.0.0.1:51594 - R:127.0.0.1/127.0.0.1:6379]

java.io.IOException: 远程主机强迫关闭了一个现有的连接。
	at sun.nio.ch.SocketDispatcher.read0(Native Method) ~[na:1.8.0_341]
	at sun.nio.ch.SocketDispatcher.read(SocketDispatcher.java:43) ~[na:1.8.0_341]
	at sun.nio.ch.IOUtil.readIntoNativeBuffer(IOUtil.java:223) ~[na:1.8.0_341]
	at sun.nio.ch.IOUtil.read(IOUtil.java:192) ~[na:1.8.0_341]
	at sun.nio.ch.SocketChannelImpl.read(SocketChannelImpl.java:378) ~[na:1.8.0_341]
	at io.netty.buffer.PooledByteBuf.setBytes(PooledByteBuf.java:258) ~[netty-buffer-4.1.79.Final.jar:4.1.79.Final]
	at io.netty.buffer.AbstractByteBuf.writeBytes(AbstractByteBuf.java:1132) ~[netty-buffer-4.1.79.Final.jar:4.1.79.Final]
	at io.netty.channel.socket.nio.NioSocketChannel.doReadBytes(NioSocketChannel.java:357) ~[netty-transport-4.1.79.Final.jar:4.1.79.Final]
	at io.netty.channel.nio.AbstractNioByteChannel$NioByteUnsafe.read(AbstractNioByteChannel.java:151) ~[netty-transport-4.1.79.Final.jar:4.1.79.Final]
	at io.netty.channel.nio.NioEventLoop.processSelectedKey(NioEventLoop.java:722) [netty-transport-4.1.79.Final.jar:4.1.79.Final]
	at io.netty.channel.nio.NioEventLoop.processSelectedKeysOptimized(NioEventLoop.java:658) [netty-transport-4.1.79.Final.jar:4.1.79.Final]
	at io.netty.channel.nio.NioEventLoop.processSelectedKeys(NioEventLoop.java:584) [netty-transport-4.1.79.Final.jar:4.1.79.Final]
	at io.netty.channel.nio.NioEventLoop.run(NioEventLoop.java:496) [netty-transport-4.1.79.Final.jar:4.1.79.Final]
	at io.netty.util.concurrent.SingleThreadEventExecutor$4.run(SingleThreadEventExecutor.java:997) [netty-common-4.1.79.Final.jar:4.1.79.Final]
	at io.netty.util.internal.ThreadExecutorMap$2.run(ThreadExecutorMap.java:74) [netty-common-4.1.79.Final.jar:4.1.79.Final]
	at io.netty.util.concurrent.FastThreadLocalRunnable.run(FastThreadLocalRunnable.java:30) [netty-common-4.1.79.Final.jar:4.1.79.Final]
	at java.lang.Thread.run(Thread.java:750) [na:1.8.0_341]

2023-03-13 11:40:28.315  INFO 4844 --- [restartedMain] com.alibaba.druid.pool.DruidDataSource   : {dataSource-1} closing ...
2023-03-13 11:40:28.320  INFO 4844 --- [restartedMain] com.alibaba.druid.pool.DruidDataSource   : {dataSource-1} closed
2023-03-13 11:40:28.322  INFO 4844 --- [restartedMain] o.apache.catalina.core.StandardService   : Stopping service [Tomcat]
2023-03-13 11:40:28.324  WARN 4844 --- [restartedMain] o.a.c.loader.WebappClassLoaderBase       : The web application [ROOT] appears to have started a thread named [Thread-11] but has failed to stop it. This is very likely to create a memory leak. Stack trace of thread:
 sun.net.dns.ResolverConfigurationImpl.notifyAddrChange0(Native Method)
 sun.net.dns.ResolverConfigurationImpl$AddressChangeListener.run(ResolverConfigurationImpl.java:144)
2023-03-13 11:40:28.338  INFO 4844 --- [restartedMain] ConditionEvaluationReportLoggingListener : 

Error starting ApplicationContext. To display the conditions report re-run your application with 'debug' enabled.
2023-03-13 11:40:28.357 ERROR 4844 --- [restartedMain] o.s.b.d.LoggingFailureAnalysisReporter   : 

***************************
APPLICATION FAILED TO START
***************************

Description:

Web server failed to start. Port 8081 was already in use.

Action:

Identify and stop the process that's listening on port 8081 or configure this application to listen on another port.

